#
# There is insufficient memory for the Java Runtime Environment to continue.
# Native memory allocation (malloc) failed to allocate 32744 bytes for ChunkPool::allocate
# Possible reasons:
#   The system is out of physical RAM or swap space
#   In 32 bit mode, the process size limit was hit
# Possible solutions:
#   Reduce memory load on the system
#   Increase physical memory or swap space
#   Check if swap backing store is full
#   Use 64 bit Java on a 64 bit OS
#   Decrease Java heap size (-Xmx/-Xms)
#   Decrease number of Java threads
#   Decrease Java thread stack sizes (-Xss)
#   Set larger code cache with -XX:ReservedCodeCacheSize=
# This output file may be truncated or incomplete.
#
#  Out of Memory Error (allocation.cpp:273), pid=7532, tid=0x0000000000000b50
#
# JRE version: Java(TM) SE Runtime Environment (8.0_121-b13) (build 1.8.0_121-b13)
# Java VM: Java HotSpot(TM) 64-Bit Server VM (25.121-b13 mixed mode windows-amd64 compressed oops)
# Failed to write core dump. Minidumps are not enabled by default on client versions of Windows
#

---------------  T H R E A D  ---------------

Current thread (0x000000001e31e000):  JavaThread "C2 CompilerThread3" daemon [_thread_in_native, id=2896, stack(0x0000000020230000,0x0000000020330000)]

Stack: [0x0000000020230000,0x0000000020330000]
[error occurred during error reporting (printing stack bounds), id 0xc0000005]

Native frames: (J=compiled Java code, j=interpreted, Vv=VM code, C=native code)


Current CompileTask:
C2:  22743 8030       4       lombok.core.AST::buildWithCollection (128 bytes)


---------------  P R O C E S S  ---------------

Java Threads: ( => current thread )
  0x000000001e3b5800 JavaThread "Service Thread" daemon [_thread_blocked, id=7492, stack(0x0000000020c30000,0x0000000020d30000)]
  0x000000001e349000 JavaThread "C1 CompilerThread11" daemon [_thread_in_vm, id=5768, stack(0x0000000020b30000,0x0000000020c30000)]
  0x000000001e340800 JavaThread "C1 CompilerThread10" daemon [_thread_blocked, id=3064, stack(0x0000000020a30000,0x0000000020b30000)]
  0x000000001e33f800 JavaThread "C1 CompilerThread9" daemon [_thread_in_native, id=21164, stack(0x0000000020830000,0x0000000020930000)]
  0x000000001e33d000 JavaThread "C1 CompilerThread8" daemon [_thread_blocked, id=28840, stack(0x0000000020730000,0x0000000020830000)]
  0x000000001e33c000 JavaThread "C2 CompilerThread7" daemon [_thread_in_native, id=26292, stack(0x0000000020630000,0x0000000020730000)]
  0x000000001e330800 JavaThread "C2 CompilerThread6" daemon [_thread_in_native, id=13684, stack(0x0000000020530000,0x0000000020630000)]
  0x000000001e323800 JavaThread "C2 CompilerThread5" daemon [_thread_in_native, id=25524, stack(0x0000000020430000,0x0000000020530000)]
  0x000000001e31e800 JavaThread "C2 CompilerThread4" daemon [_thread_in_native, id=14984, stack(0x0000000020330000,0x0000000020430000)]
=>0x000000001e31e000 JavaThread "C2 CompilerThread3" daemon [_thread_in_native, id=2896, stack(0x0000000020230000,0x0000000020330000)]
  0x000000001e31a000 JavaThread "C2 CompilerThread2" daemon [_thread_in_native, id=8556, stack(0x0000000020130000,0x0000000020230000)]
  0x000000001e315800 JavaThread "C2 CompilerThread1" daemon [_thread_blocked, id=1032, stack(0x0000000020030000,0x0000000020130000)]
  0x000000001e314800 JavaThread "C2 CompilerThread0" daemon [_thread_in_native, id=22284, stack(0x000000001ff30000,0x0000000020030000)]
  0x000000001e30a000 JavaThread "Monitor Ctrl-Break" daemon [_thread_in_native, id=27076, stack(0x000000001fe30000,0x000000001ff30000)]
  0x000000001e28c000 JavaThread "Attach Listener" daemon [_thread_blocked, id=32784, stack(0x000000001fd30000,0x000000001fe30000)]
  0x000000001e273800 JavaThread "Signal Dispatcher" daemon [_thread_blocked, id=17828, stack(0x000000001fc30000,0x000000001fd30000)]
  0x000000001e266800 JavaThread "Finalizer" daemon [_thread_blocked, id=5016, stack(0x000000001fad0000,0x000000001fbd0000)]
  0x000000001c7ef800 JavaThread "Reference Handler" daemon [_thread_blocked, id=27048, stack(0x000000001f9d0000,0x000000001fad0000)]
  0x0000000002c62800 JavaThread "main" [_thread_in_vm, id=29340, stack(0x0000000002a60000,0x0000000002b60000)]

Other Threads:
  0x000000001e244000 VMThread [stack: 0x000000001f8d0000,0x000000001f9d0000] [id=21108]
  0x000000001e2fd000 WatcherThread [stack: 0x0000000020d30000,0x0000000020e30000] [id=15000]

VM state:not at safepoint (normal execution)

VM Mutex/Monitor currently owned by a thread: None

Heap:
 PSYoungGen      total 279552K, used 73441K [0x000000076e000000, 0x000000078b700000, 0x00000007c0000000)
  eden space 191488K, 38% used [0x000000076e000000,0x00000007727b8490,0x0000000779b00000)
  from space 88064K, 0% used [0x0000000779b00000,0x0000000779b00000,0x000000077f100000)
  to   space 112128K, 0% used [0x0000000784980000,0x0000000784980000,0x000000078b700000)
 ParOldGen       total 129024K, used 129014K [0x00000006ca000000, 0x00000006d1e00000, 0x000000076e000000)
  object space 129024K, 99% used [0x00000006ca000000,0x00000006d1dfdb90,0x00000006d1e00000)
 Metaspace       used 31097K, capacity 31918K, committed 32256K, reserved 1077248K
  class space    used 3567K, capacity 3796K, committed 3840K, reserved 1048576K

Card table byte_map: [0x0000000012120000,0x00000000128e0000] byte_map_base: 0x000000000ead0000

Marking Bits: (ParMarkBitMap*) 0x0000000076ddb6d0
 Begin Bits: [0x0000000013b00000, 0x0000000017880000)
 End Bits:   [0x0000000017880000, 0x000000001b600000)

Polling page: 0x0000000000990000

CodeCache: size=245760Kb used=28600Kb max_used=28634Kb free=217159Kb
 bounds [0x0000000002d60000, 0x0000000004990000, 0x0000000011d60000]
 total_blobs=7128 nmethods=6671 adapters=367
 compilation: enabled

Compilation events (10 events):
Event: 22.738 Thread 0x000000001e33f800 nmethod 8027 0x000000000327a3d0 code [0x000000000327a580, 0x000000000327ae28]
Event: 22.738 Thread 0x000000001e33f800 8025       1       lombok.core.configuration.ConfigurationDataType::isList (5 bytes)
Event: 22.738 Thread 0x000000001e33f800 nmethod 8025 0x000000000310c710 code [0x000000000310c860, 0x000000000310c970]
Event: 22.738 Thread 0x000000001e33f800 8028       1       lombok.core.AST::isChanged (5 bytes)
Event: 22.738 Thread 0x000000001e33f800 nmethod 8028 0x000000000310c450 code [0x000000000310c5a0, 0x000000000310c6b0]
Event: 22.738 Thread 0x000000001e33d000 nmethod 8022 0x0000000004975e90 code [0x00000000049761a0, 0x0000000004977bf8]
Event: 22.739 Thread 0x000000001e340800 nmethod 8023 0x00000000049783d0 code [0x0000000004978900, 0x000000000497bfb8]
Event: 22.740 Thread 0x000000001e33f800 8029       1       sun.reflect.generics.repository.AbstractRepository::getFactory (5 bytes)
Event: 22.740 Thread 0x000000001e31e000 8030       4       lombok.core.AST::buildWithCollection (128 bytes)
Event: 22.740 Thread 0x000000001e33f800 nmethod 8029 0x0000000003377010 code [0x0000000003377160, 0x0000000003377270]

GC Heap History (10 events):
Event: 16.579 GC heap before
{Heap before GC invocations=14 (full 1):
 PSYoungGen      total 203264K, used 203238K [0x000000076e000000, 0x000000077e100000, 0x00000007c0000000)
  eden space 163328K, 100% used [0x000000076e000000,0x0000000777f80000,0x0000000777f80000)
  from space 39936K, 99% used [0x000000077ac80000,0x000000077d379b90,0x000000077d380000)
  to   space 46080K, 0% used [0x0000000777f80000,0x0000000777f80000,0x000000077ac80000)
 ParOldGen       total 129024K, used 27899K [0x00000006ca000000, 0x00000006d1e00000, 0x000000076e000000)
  object space 129024K, 21% used [0x00000006ca000000,0x00000006cbb3ec10,0x00000006d1e00000)
 Metaspace       used 28312K, capacity 29048K, committed 29184K, reserved 1075200K
  class space    used 3336K, capacity 3525K, committed 3584K, reserved 1048576K
Event: 16.605 GC heap after
Heap after GC invocations=14 (full 1):
 PSYoungGen      total 209408K, used 46065K [0x000000076e000000, 0x0000000783400000, 0x00000007c0000000)
  eden space 163328K, 0% used [0x000000076e000000,0x000000076e000000,0x0000000777f80000)
  from space 46080K, 99% used [0x0000000777f80000,0x000000077ac7c598,0x000000077ac80000)
  to   space 68608K, 0% used [0x000000077f100000,0x000000077f100000,0x0000000783400000)
 ParOldGen       total 129024K, used 69513K [0x00000006ca000000, 0x00000006d1e00000, 0x000000076e000000)
  object space 129024K, 53% used [0x00000006ca000000,0x00000006ce3e2598,0x00000006d1e00000)
 Metaspace       used 28312K, capacity 29048K, committed 29184K, reserved 1075200K
  class space    used 3336K, capacity 3525K, committed 3584K, reserved 1048576K
}
Event: 18.681 GC heap before
{Heap before GC invocations=15 (full 1):
 PSYoungGen      total 209408K, used 209393K [0x000000076e000000, 0x0000000783400000, 0x00000007c0000000)
  eden space 163328K, 100% used [0x000000076e000000,0x0000000777f80000,0x0000000777f80000)
  from space 46080K, 99% used [0x0000000777f80000,0x000000077ac7c598,0x000000077ac80000)
  to   space 68608K, 0% used [0x000000077f100000,0x000000077f100000,0x0000000783400000)
 ParOldGen       total 129024K, used 69513K [0x00000006ca000000, 0x00000006d1e00000, 0x000000076e000000)
  object space 129024K, 53% used [0x00000006ca000000,0x00000006ce3e2598,0x00000006d1e00000)
 Metaspace       used 28971K, capacity 29720K, committed 29952K, reserved 1075200K
  class space    used 3360K, capacity 3557K, committed 3584K, reserved 1048576K
Event: 18.712 GC heap after
Heap after GC invocations=15 (full 1):
 PSYoungGen      total 260096K, used 68601K [0x000000076e000000, 0x0000000785c80000, 0x00000007c0000000)
  eden space 191488K, 0% used [0x000000076e000000,0x000000076e000000,0x0000000779b00000)
  from space 68608K, 99% used [0x000000077f100000,0x00000007833fe558,0x0000000783400000)
  to   space 88064K, 0% used [0x0000000779b00000,0x0000000779b00000,0x000000077f100000)
 ParOldGen       total 129024K, used 92386K [0x00000006ca000000, 0x00000006d1e00000, 0x000000076e000000)
  object space 129024K, 71% used [0x00000006ca000000,0x00000006cfa38960,0x00000006d1e00000)
 Metaspace       used 28971K, capacity 29720K, committed 29952K, reserved 1075200K
  class space    used 3360K, capacity 3557K, committed 3584K, reserved 1048576K
}
Event: 20.214 GC heap before
{Heap before GC invocations=16 (full 1):
 PSYoungGen      total 260096K, used 260089K [0x000000076e000000, 0x0000000785c80000, 0x00000007c0000000)
  eden space 191488K, 100% used [0x000000076e000000,0x0000000779b00000,0x0000000779b00000)
  from space 68608K, 99% used [0x000000077f100000,0x00000007833fe558,0x0000000783400000)
  to   space 88064K, 0% used [0x0000000779b00000,0x0000000779b00000,0x000000077f100000)
 ParOldGen       total 129024K, used 92386K [0x00000006ca000000, 0x00000006d1e00000, 0x000000076e000000)
  object space 129024K, 71% used [0x00000006ca000000,0x00000006cfa38960,0x00000006d1e00000)
 Metaspace       used 29453K, capacity 30200K, committed 30592K, reserved 1077248K
  class space    used 3390K, capacity 3589K, committed 3712K, reserved 1048576K
Event: 20.256 GC heap after
Heap after GC invocations=16 (full 1):
 PSYoungGen      total 279552K, used 88062K [0x000000076e000000, 0x000000078b700000, 0x00000007c0000000)
  eden space 191488K, 0% used [0x000000076e000000,0x000000076e000000,0x0000000779b00000)
  from space 88064K, 99% used [0x0000000779b00000,0x000000077f0ff9f0,0x000000077f100000)
  to   space 112128K, 0% used [0x0000000784980000,0x0000000784980000,0x000000078b700000)
 ParOldGen       total 129024K, used 117894K [0x00000006ca000000, 0x00000006d1e00000, 0x000000076e000000)
  object space 129024K, 91% used [0x00000006ca000000,0x00000006d1321b70,0x00000006d1e00000)
 Metaspace       used 29453K, capacity 30200K, committed 30592K, reserved 1077248K
  class space    used 3390K, capacity 3589K, committed 3712K, reserved 1048576K
}
Event: 20.256 GC heap before
{Heap before GC invocations=17 (full 2):
 PSYoungGen      total 279552K, used 88062K [0x000000076e000000, 0x000000078b700000, 0x00000007c0000000)
  eden space 191488K, 0% used [0x000000076e000000,0x000000076e000000,0x0000000779b00000)
  from space 88064K, 99% used [0x0000000779b00000,0x000000077f0ff9f0,0x000000077f100000)
  to   space 112128K, 0% used [0x0000000784980000,0x0000000784980000,0x000000078b700000)
 ParOldGen       total 129024K, used 117894K [0x00000006ca000000, 0x00000006d1e00000, 0x000000076e000000)
  object space 129024K, 91% used [0x00000006ca000000,0x00000006d1321b70,0x00000006d1e00000)
 Metaspace       used 29453K, capacity 30200K, committed 30592K, reserved 1077248K
  class space    used 3390K, capacity 3589K, committed 3712K, reserved 1048576K
Event: 20.570 GC heap after
Heap after GC invocations=17 (full 2):
 PSYoungGen      total 279552K, used 69046K [0x000000076e000000, 0x000000078b700000, 0x00000007c0000000)
  eden space 191488K, 0% used [0x000000076e000000,0x000000076e000000,0x0000000779b00000)
  from space 88064K, 78% used [0x0000000779b00000,0x000000077de6db60,0x000000077f100000)
  to   space 112128K, 0% used [0x0000000784980000,0x0000000784980000,0x000000078b700000)
 ParOldGen       total 129024K, used 128883K [0x00000006ca000000, 0x00000006d1e00000, 0x000000076e000000)
  object space 129024K, 99% used [0x00000006ca000000,0x00000006d1ddcea8,0x00000006d1e00000)
 Metaspace       used 29453K, capacity 30200K, committed 30592K, reserved 1077248K
  class space    used 3390K, capacity 3589K, committed 3712K, reserved 1048576K
}
Event: 22.474 GC heap before
{Heap before GC invocations=18 (full 3):
 PSYoungGen      total 279552K, used 260534K [0x000000076e000000, 0x000000078b700000, 0x00000007c0000000)
  eden space 191488K, 100% used [0x000000076e000000,0x0000000779b00000,0x0000000779b00000)
  from space 88064K, 78% used [0x0000000779b00000,0x000000077de6db60,0x000000077f100000)
  to   space 112128K, 0% used [0x0000000784980000,0x0000000784980000,0x000000078b700000)
 ParOldGen       total 129024K, used 128883K [0x00000006ca000000, 0x00000006d1e00000, 0x000000076e000000)
  object space 129024K, 99% used [0x00000006ca000000,0x00000006d1ddcea8,0x00000006d1e00000)
 Metaspace       used 31083K, capacity 31918K, committed 32256K, reserved 1077248K
  class space    used 3567K, capacity 3796K, committed 3840K, reserved 1048576K
Event: 22.715 GC heap after
Heap after GC invocations=18 (full 3):
 PSYoungGen      total 279552K, used 69631K [0x000000076e000000, 0x000000078b700000, 0x00000007c0000000)
  eden space 191488K, 36% used [0x000000076e000000,0x00000007723ffdc8,0x0000000779b00000)
  from space 88064K, 0% used [0x0000000779b00000,0x0000000779b00000,0x000000077f100000)
  to   space 112128K, 0% used [0x0000000784980000,0x0000000784980000,0x000000078b700000)
 ParOldGen       total 129024K, used 129014K [0x00000006ca000000, 0x00000006d1e00000, 0x000000076e000000)
  object space 129024K, 99% used [0x00000006ca000000,0x00000006d1dfdb90,0x00000006d1e00000)
 Metaspace       used 31083K, capacity 31918K, committed 32256K, reserved 1077248K
  class space    used 3567K, capacity 3796K, committed 3840K, reserved 1048576K
}

Deoptimization events (10 events):
Event: 22.388 Thread 0x0000000002c62800 Uncommon trap: reason=class_check action=maybe_recompile pc=0x0000000003a92174 method=java.util.Collections$UnmodifiableMap$UnmodifiableEntrySet$1.next()Ljava/util/Map$Entry; @ 8
Event: 22.388 Thread 0x0000000002c62800 Uncommon trap: reason=class_check action=maybe_recompile pc=0x0000000003a92988 method=java.util.Collections$UnmodifiableMap$UnmodifiableEntrySet$UnmodifiableEntry.getKey()Ljava/lang/Object; @ 4
Event: 22.388 Thread 0x0000000002c62800 Uncommon trap: reason=class_check action=maybe_recompile pc=0x0000000003a92708 method=java.util.Collections$UnmodifiableMap$UnmodifiableEntrySet$UnmodifiableEntry.getValue()Ljava/lang/Object; @ 4
Event: 22.388 Thread 0x0000000002c62800 Uncommon trap: reason=class_check action=maybe_recompile pc=0x0000000003a94690 method=java.util.Collections$UnmodifiableMap$UnmodifiableEntrySet$1.hasNext()Z @ 4
Event: 22.388 Thread 0x0000000002c62800 Uncommon trap: reason=class_check action=maybe_recompile pc=0x0000000003a92174 method=java.util.Collections$UnmodifiableMap$UnmodifiableEntrySet$1.next()Ljava/util/Map$Entry; @ 8
Event: 22.388 Thread 0x0000000002c62800 Uncommon trap: reason=class_check action=maybe_recompile pc=0x0000000003a92988 method=java.util.Collections$UnmodifiableMap$UnmodifiableEntrySet$UnmodifiableEntry.getKey()Ljava/lang/Object; @ 4
Event: 22.388 Thread 0x0000000002c62800 Uncommon trap: reason=class_check action=maybe_recompile pc=0x0000000003a92708 method=java.util.Collections$UnmodifiableMap$UnmodifiableEntrySet$UnmodifiableEntry.getValue()Ljava/lang/Object; @ 4
Event: 22.393 Thread 0x0000000002c62800 Uncommon trap: reason=unstable_if action=reinterpret pc=0x0000000004021230 method=java.io.WinNTFileSystem.resolve(Ljava/lang/String;Ljava/lang/String;)Ljava/lang/String; @ 117
Event: 22.407 Thread 0x0000000002c62800 Uncommon trap: reason=unstable_if action=reinterpret pc=0x00000000037560c0 method=java.io.WinNTFileSystem.resolve(Ljava/lang/String;Ljava/lang/String;)Ljava/lang/String; @ 117
Event: 22.716 Thread 0x000000001e266800 Uncommon trap: reason=unstable_if action=reinterpret pc=0x00000000040e455c method=java.util.WeakHashMap.eq(Ljava/lang/Object;Ljava/lang/Object;)Z @ 10

Internal exceptions (10 events):
Event: 5.528 Thread 0x0000000002c62800 Implicit null exception at 0x00000000039f4e62 to 0x00000000039f81d5
Event: 5.540 Thread 0x0000000002c62800 Implicit null exception at 0x0000000003a6c703 to 0x0000000003a6c94d
Event: 10.629 Thread 0x0000000002c62800 Exception <a 'java/lang/NoClassDefFoundError': Lorg/codehaus/plexus/util/MatchPatterns;> (0x000000076fa1dd98) thrown at [C:\re\workspace\8-2-build-windows-amd64-cygwin\jdk8u121\8372\hotspot\src\share\vm\classfile\systemDictionary.cpp, line 199]
Event: 10.658 Thread 0x0000000002c62800 Implicit null exception at 0x00000000039f0297 to 0x00000000039f06a9
Event: 10.660 Thread 0x0000000002c62800 Implicit null exception at 0x0000000003a181df to 0x0000000003a18999
Event: 10.702 Thread 0x0000000002c62800 Implicit null exception at 0x0000000003fd8a8b to 0x0000000003fdf179
Event: 12.292 Thread 0x0000000002c62800 Implicit null exception at 0x000000000404e192 to 0x0000000004054245
Event: 14.063 Thread 0x0000000002c62800 Exception <a 'java/lang/ClassNotFoundException': com/sun/tools/javac/api/JavacTool> (0x00000007739a8840) thrown at [C:\re\workspace\8-2-build-windows-amd64-cygwin\jdk8u121\8372\hotspot\src\share\vm\classfile\systemDictionary.cpp, line 210]
Event: 16.887 Thread 0x0000000002c62800 Exception <a 'java/io/FileNotFoundException'> (0x0000000770f4ab60) thrown at [C:\re\workspace\8-2-build-windows-amd64-cygwin\jdk8u121\8372\hotspot\src\share\vm\prims\jni.cpp, line 709]
Event: 16.890 Thread 0x0000000002c62800 Exception <a 'java/io/FileNotFoundException'> (0x0000000770f7fc80) thrown at [C:\re\workspace\8-2-build-windows-amd64-cygwin\jdk8u121\8372\hotspot\src\share\vm\prims\jni.cpp, line 709]

Events (10 events):
Event: 22.734 Thread 0x000000001e340800 flushing nmethod 0x000000000329f4d0
Event: 22.734 Thread 0x000000001e340800 flushing nmethod 0x00000000032faf90
Event: 22.734 Thread 0x000000001e340800 flushing nmethod 0x000000000330b410
Event: 22.734 Thread 0x000000001e340800 flushing nmethod 0x0000000003326d10
Event: 22.737 Thread 0x000000001e33f800 flushing nmethod 0x0000000003376e10
Event: 22.737 Thread 0x000000001e33f800 flushing nmethod 0x00000000034274d0
Event: 22.739 Thread 0x000000001e340800 flushing nmethod 0x000000000360f410
Event: 22.741 Thread 0x000000001e33f800 flushing nmethod 0x0000000003743bd0
Event: 22.741 Thread 0x000000001e33f800 flushing nmethod 0x000000000374d250
Event: 22.741 Thread 0x000000001e33f800 flushing nmethod 0x0000000003781390


Dynamic libraries:
0x00007ff7a1f90000 - 0x00007ff7a1fc7000 	C:\Program Files\Java\jdk1.8.0_121\bin\java.exe
0x00007fff04630000 - 0x00007fff04827000 	C:\WINDOWS\SYSTEM32\ntdll.dll
0x00007fff030f0000 - 0x00007fff031ad000 	C:\WINDOWS\System32\KERNEL32.DLL
0x00007fff023c0000 - 0x00007fff0268d000 	C:\WINDOWS\System32\KERNELBASE.dll
0x00007fff02710000 - 0x00007fff027be000 	C:\WINDOWS\System32\ADVAPI32.dll
0x00007fff03810000 - 0x00007fff038ae000 	C:\WINDOWS\System32\msvcrt.dll
0x00007fff02ed0000 - 0x00007fff02f6c000 	C:\WINDOWS\System32\sechost.dll
0x00007fff02c30000 - 0x00007fff02d55000 	C:\WINDOWS\System32\RPCRT4.dll
0x00007fff04140000 - 0x00007fff042e0000 	C:\WINDOWS\System32\USER32.dll
0x00007fff021e0000 - 0x00007fff02202000 	C:\WINDOWS\System32\win32u.dll
0x00007fff028a0000 - 0x00007fff028ca000 	C:\WINDOWS\System32\GDI32.dll
0x00007fff022b0000 - 0x00007fff023bb000 	C:\WINDOWS\System32\gdi32full.dll
0x00007fff02210000 - 0x00007fff022ad000 	C:\WINDOWS\System32\msvcp_win.dll
0x00007fff01da0000 - 0x00007fff01ea0000 	C:\WINDOWS\System32\ucrtbase.dll
0x00007ffeecb60000 - 0x00007ffeecdfa000 	C:\WINDOWS\WinSxS\amd64_microsoft.windows.common-controls_6595b64144ccf1df_6.0.19041.1110_none_60b5254171f9507e\COMCTL32.dll
0x00007fff04490000 - 0x00007fff044c0000 	C:\WINDOWS\System32\IMM32.DLL
0x00000000507c0000 - 0x0000000050892000 	C:\Program Files\Java\jdk1.8.0_121\jre\bin\msvcr100.dll
0x00000000765c0000 - 0x0000000076e5b000 	C:\Program Files\Java\jdk1.8.0_121\jre\bin\server\jvm.dll
0x00007fff037a0000 - 0x00007fff037a8000 	C:\WINDOWS\System32\PSAPI.DLL
0x00007ffeee030000 - 0x00007ffeee039000 	C:\WINDOWS\SYSTEM32\WSOCK32.dll
0x00007ffef73d0000 - 0x00007ffef73f7000 	C:\WINDOWS\SYSTEM32\WINMM.dll
0x00007fff00780000 - 0x00007fff0078a000 	C:\WINDOWS\SYSTEM32\VERSION.dll
0x00007fff03210000 - 0x00007fff0327b000 	C:\WINDOWS\System32\WS2_32.dll
0x0000000051c90000 - 0x0000000051c9f000 	C:\Program Files\Java\jdk1.8.0_121\jre\bin\verify.dll
0x0000000050790000 - 0x00000000507b9000 	C:\Program Files\Java\jdk1.8.0_121\jre\bin\java.dll
0x0000000077f40000 - 0x0000000077f63000 	C:\Program Files\Java\jdk1.8.0_121\jre\bin\instrument.dll
0x0000000050770000 - 0x0000000050786000 	C:\Program Files\Java\jdk1.8.0_121\jre\bin\zip.dll
0x00007fff038d0000 - 0x00007fff04014000 	C:\WINDOWS\System32\SHELL32.dll
0x00007ffeff6e0000 - 0x00007ffeffe74000 	C:\WINDOWS\SYSTEM32\windows.storage.dll
0x00007fff028d0000 - 0x00007fff02c24000 	C:\WINDOWS\System32\combase.dll
0x00007fff017b0000 - 0x00007fff017dc000 	C:\WINDOWS\SYSTEM32\Wldp.dll
0x00007fff02fe0000 - 0x00007fff0308d000 	C:\WINDOWS\System32\SHCORE.dll
0x00007fff037b0000 - 0x00007fff03805000 	C:\WINDOWS\System32\shlwapi.dll
0x00007fff01c90000 - 0x00007fff01caf000 	C:\WINDOWS\SYSTEM32\profapi.dll
0x00007ffefac80000 - 0x00007ffefac9a000 	D:\idea\install\IntelliJ IDEA 2020.1\bin\breakgen64.dll
0x0000000050750000 - 0x000000005076a000 	C:\Program Files\Java\jdk1.8.0_121\jre\bin\net.dll
0x00007fff01510000 - 0x00007fff0157a000 	C:\WINDOWS\system32\mswsock.dll
0x00007fff01700000 - 0x00007fff01718000 	C:\WINDOWS\SYSTEM32\CRYPTSP.dll
0x00007fff00e20000 - 0x00007fff00e54000 	C:\WINDOWS\system32\rsaenh.dll
0x00007fff01fc0000 - 0x00007fff01fe7000 	C:\WINDOWS\System32\bcrypt.dll
0x00007fff01c10000 - 0x00007fff01c3e000 	C:\WINDOWS\SYSTEM32\USERENV.dll
0x00007fff02150000 - 0x00007fff021d2000 	C:\WINDOWS\System32\bcryptprimitives.dll
0x00007fff01720000 - 0x00007fff0172c000 	C:\WINDOWS\SYSTEM32\CRYPTBASE.dll
0x00007fff011b0000 - 0x00007fff011eb000 	C:\WINDOWS\SYSTEM32\IPHLPAPI.DLL
0x00007fff02f70000 - 0x00007fff02f78000 	C:\WINDOWS\System32\NSI.dll
0x00007ffef9ca0000 - 0x00007ffef9cb7000 	C:\WINDOWS\SYSTEM32\dhcpcsvc6.DLL
0x00007ffef9ad0000 - 0x00007ffef9aed000 	C:\WINDOWS\SYSTEM32\dhcpcsvc.DLL
0x00007fff011f0000 - 0x00007fff012bb000 	C:\WINDOWS\SYSTEM32\DNSAPI.dll
0x0000000050730000 - 0x0000000050741000 	C:\Program Files\Java\jdk1.8.0_121\jre\bin\nio.dll
0x00007ffef2720000 - 0x00007ffef272a000 	C:\Users\Andy\AppData\Local\Temp\jansi-1.17.1-1977998985184534260.dll
0x00007ffeeffe0000 - 0x00007ffeeffea000 	C:\Users\Andy\AppData\Local\Temp\jansi-1.17.1-4727068036120470563.dll
0x0000000050040000 - 0x0000000050064000 	C:\Program Files\Java\jdk1.8.0_121\jre\bin\sunec.dll
0x00007ffeec880000 - 0x00007ffeec8b3000 	C:\Program Files (x86)\Sangfor\SSL\ClientComponent\1_SangforNspX64.dll
0x00007fff044c0000 - 0x00007fff045ea000 	C:\WINDOWS\System32\ole32.dll
0x00007fff02e00000 - 0x00007fff02ecd000 	C:\WINDOWS\System32\OLEAUT32.dll
0x00007ffef5510000 - 0x00007ffef551a000 	C:\Windows\System32\rasadhlp.dll
0x00007ffef9080000 - 0x00007ffef9100000 	C:\WINDOWS\System32\fwpuclnt.dll

VM Arguments:
jvm_args: -Dmaven.multiModuleProjectDirectory=D:\project\devops-service -Dmaven.wagon.http.ssl.insecure=true -Dmaven.wagon.http.ssl.allowall=true -Dmaven.home=D:\maven\03-apache-maven-3.6.1-bin\apache-maven-3.6.1 -Dclassworlds.conf=D:\maven\03-apache-maven-3.6.1-bin\apache-maven-3.6.1\bin\m2.conf -Dmaven.ext.class.path=D:\idea\install\IntelliJ IDEA 2020.1\plugins\maven\lib\maven-event-listener.jar -javaagent:D:\idea\install\IntelliJ IDEA 2020.1\lib\idea_rt.jar=51818:D:\idea\install\IntelliJ IDEA 2020.1\bin -Dfile.encoding=UTF-8 
java_command: org.codehaus.classworlds.Launcher -Didea.version2020.1 -s C:\Users\Andy\.m2\settings.xml compile
java_class_path (initial): D:\maven\03-apache-maven-3.6.1-bin\apache-maven-3.6.1\boot\plexus-classworlds-2.6.0.jar;D:\idea\install\IntelliJ IDEA 2020.1\lib\idea_rt.jar
Launcher Type: SUN_STANDARD

Environment Variables:
JAVA_HOME=C:\Program Files\Java\jdk1.8.0_121
CLASSPATH=D:\jmeter\apache-jmeter-5.3\lib\ext\ApacheJMeter_core.jar;D:\jmeter\apache-jmeter-5.3\lib\jorphan.jar;D:\jmeter\apache-jmeter-5.3\lib/logkit-2.0.jar;
PATH=D:\python\install\;D:\python\install\Scripts;C:\ProgramData\Oracle\Java\javapath;C:\Windows\system32;C:\Windows;C:\Windows\System32\Wbem;C:\Windows\System32\WindowsPowerShell\v1.0\;C:\Windows\System32\OpenSSH\;C:\Program Files (x86)\NVIDIA Corporation\PhysX\Common;C:\Program Files\NVIDIA Corporation\NVIDIA NvDLISR;C:\Program Files\Java\jdk1.8.0_121\bin;D:\putty\;D:\git\install\Git\cmd;D:\mysql-5.7.30-winx64\bin;D:\maven\03-apache-maven-3.6.1-bin\apache-maven-3.6.1\bin;D:\hogo\hugo_0.55.6_Windows-64bit;D:\go\install\bin;C:\WINDOWS\system32;C:\WINDOWS;C:\WINDOWS\System32\Wbem;C:\WINDOWS\System32\WindowsPowerShell\v1.0\;C:\WINDOWS\System32\OpenSSH\;D:\gpg4win\install\Gpg4win\..\GnuPG\bin;D:\gradle\gradle-6.6-bin\gradle-6.6\bin;D:\xshell\Xshell_7.0\;C:\Users\Andy\AppData\Roaming\nvm;C:\Program Files\nodejs;C:\Program Files\nodejs\;D:\python\install;D:\python\install\Scripts;C:\Users\Andy\AppData\Local\Microsoft\WindowsApps;D:\goland\install\GoLand 2019.3.1\bin;C:\Users\Andy\go\bin;D:\fildder\install\Fiddler;D:\goland\install\GoLand 2021.2.4\bin;;C:\Users\Andy\AppData\Roaming\nvm;C:\Program Files\nodejs;C:\Users\Andy\AppData\Roaming\npm
USERNAME=Andy
OS=Windows_NT
PROCESSOR_IDENTIFIER=AMD64 Family 23 Model 96 Stepping 1, AuthenticAMD



---------------  S Y S T E M  ---------------

OS: Windows 10.0 , 64 bit Build 19041 (10.0.19041.1741)

CPU:total 16 (16 cores per cpu, 1 threads per core) family 23 model 96 stepping 1, cmov, cx8, fxsr, mmx, sse, sse2, sse3, ssse3, sse4.1, sse4.2, popcnt, avx, avx2, aes, clmul, mmxext, 3dnowpref, lzcnt, sse4a, tsc, tscinvbit, tscinv, bmi1

Memory: 4k page, physical 16119108k(512836k free), swap 29226304k(5496k free)

vm_info: Java HotSpot(TM) 64-Bit Server VM (25.121-b13) for windows-amd64 JRE (1.8.0_121-b13), built on Dec 12 2016 18:21:36 by "java_re" with MS VC++ 10.0 (VS2010)

time: Mon Dec 19 20:01:17 2022
elapsed time: 22 seconds (0d 0h 0m 22s)

